<?xml version="1.0" encoding="UTF-8"?>
<!-- Generated by org.testng.reporters.JUnitReportReporter -->
<testsuite skipped="0" hostname="Santosh-Joshi" name="org.Academy.validateNavigationBar" tests="1" failures="0" timestamp="2020-10-05T18:48:17 IST" time="4.736" errors="0">
  <testcase name="basePageNavigation" time="4.736" classname="org.Academy.validateNavigationBar"/>
  <system-out/>
</testsuite> <!-- org.Academy.validateNavigationBar -->
