<?xml version="1.0" encoding="UTF-8"?>
<!-- Generated by org.testng.reporters.JUnitReportReporter -->
<testsuite skipped="0" hostname="Santosh-Joshi" name="org.Academy.validateTitle" tests="1" failures="0" timestamp="2020-10-05T19:36:18 IST" time="6.764" errors="0">
  <testcase name="basePageNavigation" time="6.764" classname="org.Academy.validateTitle"/>
  <system-out/>
</testsuite> <!-- org.Academy.validateTitle -->
